<?xml version="1.0" encoding="UTF-8"?>
<!-- Generated by org.testng.reporters.JUnitXMLReporter -->
<testsuite hostname="DESKTOP-MHRN7JA" ignored="0" name="Test" tests="4" failures="0" timestamp="2020-10-29T19:55:28 IST" time="47.613" errors="0">
  <testcase name="titleTextValidation" time="0.063" classname="concepts.framework.practice.ValidateTitle"/>
  <testcase name="basePageNavigation" time="15.425" classname="concepts.framework.practice.HomePage"/>
  <testcase name="basePageNavigation" time="3.547" classname="concepts.framework.practice.HomePage"/>
  <testcase name="navBarDisplayedOrNot" time="0.156" classname="concepts.framework.practice.ValidateNavBar"/>
</testsuite> <!-- Test -->
