<?xml version="1.0" encoding="UTF-8"?>
<!-- Generated by org.testng.reporters.JUnitXMLReporter -->
<testsuite hostname="DESKTOP-MHRN7JA" ignored="0" name="HomePageAndLogin" tests="2" failures="0" timestamp="2020-11-02T12:42:09 IST" time="36.331" errors="0">
  <testcase name="basePageNavigation" time="27.547" classname="concepts.framework.practice.HomePage"/>
  <testcase name="basePageNavigation" time="4.241" classname="concepts.framework.practice.HomePage"/>
</testsuite> <!-- HomePageAndLogin -->
