<?xml version="1.0" encoding="UTF-8"?>
<!-- Generated by org.testng.reporters.JUnitXMLReporter -->
<testsuite hostname="DESKTOP-MHRN7JA" ignored="0" name="ValidateTitle" tests="2" failures="1" timestamp="2020-11-02T12:42:04 IST" time="31.191" errors="0">
  <testcase name="headerTextValidation" time="0.151" classname="concepts.framework.practice.ValidateTitle"/>
  <testcase name="titleTextValidation" time="0.327" classname="concepts.framework.practice.ValidateTitle">
    <failure type="java.lang.AssertionError" message="expected [featured courses] but found [FEATURED COURSES]">
      <![CDATA[java.lang.AssertionError: expected [featured courses] but found [FEATURED COURSES]
at concepts.framework.practice.ValidateTitle.titleTextValidation(ValidateTitle.java:30)
at java.util.ArrayList.forEach(ArrayList.java:1249)
at java.util.concurrent.FutureTask.run(FutureTask.java:266)
at java.util.concurrent.ThreadPoolExecutor.runWorker(ThreadPoolExecutor.java:1142)
at java.util.concurrent.ThreadPoolExecutor$Worker.run(ThreadPoolExecutor.java:617)
at java.lang.Thread.run(Thread.java:745)
... Removed 26 stack frames]]>
    </failure>
  </testcase> <!-- titleTextValidation -->
</testsuite> <!-- ValidateTitle -->
