<?xml version="1.0" encoding="UTF-8"?>
<testsuite xmlns:xsi="http://www.w3.org/2001/XMLSchema-instance" xsi:noNamespaceSchemaLocation="https://maven.apache.org/surefire/maven-surefire-plugin/xsd/surefire-test-report-3.0.xsd" version="3.0" name="TestSuite" time="38.37" tests="5" errors="0" skipped="0" failures="1">
  <properties>
[...]
</properties>
  <testcase name="navBarDisplayedOrNot" classname="concepts.framework.practice.ValidateNavBar" time="0.167">
    <system-out><![CDATA[AN ACADEMY TO LEARN EVERYTHING ABOUT TESTING
]]></system-out>
    <system-err><![CDATA[Starting ChromeDriver 85.0.4183.87 (cd6713ebf92fa1cacc0f1a598df280093af0c5d7-refs/branch-heads/4183@{#1689}) on port 23269
Only local connections are allowed.
PleaStsaer steien g hCtthprso:me/D/crhromedriver.chromium.org/security-conisivdeerra t8i5o.n0s .f4o1r8 3s.u8gg7e s(tcido6n7s1 3oenb f9k2efeap1icnagc cC0hfr1ao5m98edDfr2i8v0e0r93 asfa0fce5.d7-
refs/branch-heads/4183@{#1689}) on port 5413
Only local connections are allowed.
Please see https://chromedriver.chromium.org/security-considerations for suggestCihoronmeDsr iovne rk eweapsi nstga rCtheromde Dsruicvceers sfsualfley..

ChromeDriver was started successfully.
Starting ChromeDriver 85.0.4183.87 (cd6713ebf92fa1cacc0f1a598df280093af0c5d7-refs/branch-heads/4183@{#1689}) on port 14468
Only local connections are allowed.
Please see https://chromedriver.chromium.org/security-considerations for suggestions on keeping ChromeDriver safe.
ChromeDriver was started successfully.
[1604301095.600][WARNING]: This version of ChromeDriver has not been tested with Chrome version 86.
[1604301096.321][WARNING]: This version of ChromeDriver has not been tested with Chrome version 86.
[1604301096.678][WARNING]: This version of ChromeDriver has not been tested with Chrome version 86.
Nov 02, 2020 12:41:36 PM org.openqa.selenium.remote.ProtocolHandshake createSession
INFO: Detected dialect: W3C
Nov 02, 2020 12:41:37 PM org.openqa.selenium.remote.ProtocolHandshake createSession
INFO: Detected dialect: W3C
Nov 02, 2020 12:41:37 PM org.openqa.selenium.remote.ProtocolHandshake createSession
INFO: Detected dialect: W3C
]]></system-err>
  </testcase>
  <testcase name="headerTextValidation" classname="concepts.framework.practice.ValidateTitle" time="0.17"/>
  <testcase name="titleTextValidation" classname="concepts.framework.practice.ValidateTitle" time="1.64">
    <failure message="expected [featured courses] but found [FEATURED COURSES]" type="java.lang.AssertionError"><![CDATA[java.lang.AssertionError: expected [featured courses] but found [FEATURED COURSES]
	at concepts.framework.practice.ValidateTitle.titleTextValidation(ValidateTitle.java:30)
]]></failure>
  </testcase>
  <testcase name="basePageNavigation[restricted@gmail.com, ddddd, restrictedUser](1)" classname="concepts.framework.practice.HomePage" time="4.84">
    <system-out><![CDATA[User Type is : restrictedUser
]]></system-out>
  </testcase>
  <testcase name="basePageNavigation[nonrestricted@gmail.com, ggggg, nonrestrictedUser](2)" classname="concepts.framework.practice.HomePage" time="4.211">
    <system-out><![CDATA[User Type is : nonrestrictedUser
]]></system-out>
  </testcase>
</testsuite>