<?xml version="1.0" encoding="UTF-8"?>
<testng-results skipped="0" failed="0" ignored="0" total="1" passed="1">
  <reporter-output>
  </reporter-output>
  <suite name="Suite" duration-ms="53911" started-at="2020-11-06T21:32:56 IST" finished-at="2020-11-06T21:33:50 IST">
    <groups>
      <group name="cucumber">
        <method signature="AbstractTestNGCucumberTests.feature(cucumber.api.testng.CucumberFeatureWrapper)[pri:0, instance:com.test.runner.TestRunner@47d90b9e]" name="feature" class="cucumber.api.testng.AbstractTestNGCucumberTests"/>
      </group> <!-- cucumber -->
    </groups>
    <test name="ValidateTitle" duration-ms="53911" started-at="2020-11-06T21:32:56 IST" finished-at="2020-11-06T21:33:50 IST">
      <class name="com.test.runner.TestRunner">
        <test-method status="PASS" signature="setUpClass()[pri:0, instance:com.test.runner.TestRunner@47d90b9e]" name="setUpClass" is-config="true" duration-ms="871" started-at="2020-11-06T21:32:57 IST" finished-at="2020-11-06T21:32:57 IST">
          <reporter-output>
          </reporter-output>
        </test-method> <!-- setUpClass -->
        <test-method status="PASS" signature="feature(cucumber.api.testng.CucumberFeatureWrapper)[pri:0, instance:com.test.runner.TestRunner@47d90b9e]" name="feature" duration-ms="52709" started-at="2020-11-06T21:32:58 IST" description="Runs Cucumber Feature" data-provider="features" finished-at="2020-11-06T21:33:50 IST">
          <params>
            <param index="0">
              <value>
                <![CDATA[Application Login]]>
              </value>
            </param>
          </params>
          <reporter-output>
          </reporter-output>
        </test-method> <!-- feature -->
        <test-method status="PASS" signature="tearDownClass()[pri:0, instance:com.test.runner.TestRunner@47d90b9e]" name="tearDownClass" is-config="true" duration-ms="4" started-at="2020-11-06T21:33:50 IST" finished-at="2020-11-06T21:33:50 IST">
          <reporter-output>
          </reporter-output>
        </test-method> <!-- tearDownClass -->
      </class> <!-- com.test.runner.TestRunner -->
    </test> <!-- ValidateTitle -->
  </suite> <!-- Suite -->
</testng-results>
